2023-01-25 19:11:19,975 - swibots.app - INFO - 🚀 Starting app...
2023-01-25 19:11:20,391 - swibots.app - INFO - Logged in as autofilter_bot
2023-01-25 19:11:20,441 - swibots.app - ERROR - httpx HTTPError: All connection attempts failed
Traceback (most recent call last):
  File "/workspace/src/venv/lib/python3.11/site-packages/anyio/_core/_sockets.py", line 164, in try_connect
    stream = await asynclib.connect_tcp(remote_host, remote_port, local_address)
             ^^^^^^^^^^^^^^^^^^^^^^^^^^^^^^^^^^^^^^^^^^^^^^^^^^^^^^^^^^^^^^^^^^^
  File "/workspace/src/venv/lib/python3.11/site-packages/anyio/_backends/_asyncio.py", line 1691, in connect_tcp
    await get_running_loop().create_connection(
  File "/usr/local/lib/python3.11/asyncio/base_events.py", line 1079, in create_connection
    raise exceptions[0]
  File "/usr/local/lib/python3.11/asyncio/base_events.py", line 1063, in create_connection
    sock = await self._connect_sock(
           ^^^^^^^^^^^^^^^^^^^^^^^^^
  File "/usr/local/lib/python3.11/asyncio/base_events.py", line 967, in _connect_sock
    await self.sock_connect(sock, address)
  File "/usr/local/lib/python3.11/asyncio/selector_events.py", line 634, in sock_connect
    return await fut
           ^^^^^^^^^
  File "/usr/local/lib/python3.11/asyncio/selector_events.py", line 674, in _sock_connect_cb
    raise OSError(err, f'Connect call failed {address}')
ConnectionRefusedError: [Errno 111] Connect call failed ('192.168.65.2', 8080)

The above exception was the direct cause of the following exception:

Traceback (most recent call last):
  File "/workspace/src/venv/lib/python3.11/site-packages/httpcore/_exceptions.py", line 10, in map_exceptions
    yield
  File "/workspace/src/venv/lib/python3.11/site-packages/httpcore/backends/asyncio.py", line 111, in connect_tcp
    stream: anyio.abc.ByteStream = await anyio.connect_tcp(
                                   ^^^^^^^^^^^^^^^^^^^^^^^^
  File "/workspace/src/venv/lib/python3.11/site-packages/anyio/_core/_sockets.py", line 222, in connect_tcp
    raise OSError("All connection attempts failed") from cause
OSError: All connection attempts failed

During handling of the above exception, another exception occurred:

Traceback (most recent call last):
  File "/workspace/src/venv/lib/python3.11/site-packages/httpx/_transports/default.py", line 60, in map_httpcore_exceptions
    yield
  File "/workspace/src/venv/lib/python3.11/site-packages/httpx/_transports/default.py", line 353, in handle_async_request
    resp = await self._pool.handle_async_request(req)
           ^^^^^^^^^^^^^^^^^^^^^^^^^^^^^^^^^^^^^^^^^^
  File "/workspace/src/venv/lib/python3.11/site-packages/httpcore/_async/connection_pool.py", line 253, in handle_async_request
    raise exc
  File "/workspace/src/venv/lib/python3.11/site-packages/httpcore/_async/connection_pool.py", line 237, in handle_async_request
    response = await connection.handle_async_request(request)
               ^^^^^^^^^^^^^^^^^^^^^^^^^^^^^^^^^^^^^^^^^^^^^^
  File "/workspace/src/venv/lib/python3.11/site-packages/httpcore/_async/connection.py", line 86, in handle_async_request
    raise exc
  File "/workspace/src/venv/lib/python3.11/site-packages/httpcore/_async/connection.py", line 63, in handle_async_request
    stream = await self._connect(request)
             ^^^^^^^^^^^^^^^^^^^^^^^^^^^^
  File "/workspace/src/venv/lib/python3.11/site-packages/httpcore/_async/connection.py", line 111, in _connect
    stream = await self._network_backend.connect_tcp(**kwargs)
             ^^^^^^^^^^^^^^^^^^^^^^^^^^^^^^^^^^^^^^^^^^^^^^^^^
  File "/workspace/src/venv/lib/python3.11/site-packages/httpcore/backends/auto.py", line 29, in connect_tcp
    return await self._backend.connect_tcp(
           ^^^^^^^^^^^^^^^^^^^^^^^^^^^^^^^^
  File "/workspace/src/venv/lib/python3.11/site-packages/httpcore/backends/asyncio.py", line 109, in connect_tcp
    with map_exceptions(exc_map):
  File "/usr/local/lib/python3.11/contextlib.py", line 155, in __exit__
    self.gen.throw(typ, value, traceback)
  File "/workspace/src/venv/lib/python3.11/site-packages/httpcore/_exceptions.py", line 14, in map_exceptions
    raise to_exc(exc)
httpcore.ConnectError: All connection attempts failed

The above exception was the direct cause of the following exception:

Traceback (most recent call last):
  File "/workspace/src/swibots/src/swibots/utils/rest_client.py", line 118, in do_request
    response = await self._client.request(method, url, json=data, headers=reqHeaders)
               ^^^^^^^^^^^^^^^^^^^^^^^^^^^^^^^^^^^^^^^^^^^^^^^^^^^^^^^^^^^^^^^^^^^^^^
  File "/workspace/src/venv/lib/python3.11/site-packages/httpx/_client.py", line 1533, in request
    return await self.send(request, auth=auth, follow_redirects=follow_redirects)
           ^^^^^^^^^^^^^^^^^^^^^^^^^^^^^^^^^^^^^^^^^^^^^^^^^^^^^^^^^^^^^^^^^^^^^^
  File "/workspace/src/venv/lib/python3.11/site-packages/httpx/_client.py", line 1620, in send
    response = await self._send_handling_auth(
               ^^^^^^^^^^^^^^^^^^^^^^^^^^^^^^^
  File "/workspace/src/venv/lib/python3.11/site-packages/httpx/_client.py", line 1648, in _send_handling_auth
    response = await self._send_handling_redirects(
               ^^^^^^^^^^^^^^^^^^^^^^^^^^^^^^^^^^^^
  File "/workspace/src/venv/lib/python3.11/site-packages/httpx/_client.py", line 1685, in _send_handling_redirects
    response = await self._send_single_request(request)
               ^^^^^^^^^^^^^^^^^^^^^^^^^^^^^^^^^^^^^^^^
  File "/workspace/src/venv/lib/python3.11/site-packages/httpx/_client.py", line 1722, in _send_single_request
    response = await transport.handle_async_request(request)
               ^^^^^^^^^^^^^^^^^^^^^^^^^^^^^^^^^^^^^^^^^^^^^
  File "/workspace/src/venv/lib/python3.11/site-packages/httpx/_transports/default.py", line 352, in handle_async_request
    with map_httpcore_exceptions():
  File "/usr/local/lib/python3.11/contextlib.py", line 155, in __exit__
    self.gen.throw(typ, value, traceback)
  File "/workspace/src/venv/lib/python3.11/site-packages/httpx/_transports/default.py", line 77, in map_httpcore_exceptions
    raise mapped_exc(message) from exc
httpx.ConnectError: All connection attempts failed

The above exception was the direct cause of the following exception:

Traceback (most recent call last):
  File "/workspace/src/swibots/src/swibots/app.py", line 156, in run
    run(self.start())
  File "/usr/local/lib/python3.11/asyncio/base_events.py", line 653, in run_until_complete
    return future.result()
           ^^^^^^^^^^^^^^^
  File "/workspace/src/swibots/src/swibots/app.py", line 76, in start
    await self._validate_run()
  File "/workspace/src/swibots/src/swibots/app.py", line 56, in _validate_run
    await self._validate_token()
  File "/workspace/src/swibots/src/swibots/bot_app.py", line 72, in _validate_token
    await self.user.on_app_start(self)
  File "/workspace/src/swibots/src/swibots/bots/bot.py", line 55, in on_app_start
    self.info = await self.update_bot_info(self.info)
                ^^^^^^^^^^^^^^^^^^^^^^^^^^^^^^^^^^^^^
  File "/workspace/src/swibots/src/swibots/api/bot/methods/update_bot_info.py", line 18, in update_bot_info
    return await self.bots_service.bots.update_bot_info(bot_info=bot_info)
           ^^^^^^^^^^^^^^^^^^^^^^^^^^^^^^^^^^^^^^^^^^^^^^^^^^^^^^^^^^^^^^^
  File "/workspace/src/swibots/src/swibots/api/bot/controllers/bot_controller.py", line 49, in update_bot_info
    response = await self.client.put(f"{BASE_PATH}", data=data)
               ^^^^^^^^^^^^^^^^^^^^^^^^^^^^^^^^^^^^^^^^^^^^^^^^
  File "/workspace/src/swibots/src/swibots/base/switch_client.py", line 64, in put
    return await self.do_request(url, "PUT", data, headers)
           ^^^^^^^^^^^^^^^^^^^^^^^^^^^^^^^^^^^^^^^^^^^^^^^^
  File "/workspace/src/swibots/src/swibots/base/switch_client.py", line 117, in do_request
    await RestClient.do_request(self, self._base_url + path, method, data, headers)
  File "/workspace/src/swibots/src/swibots/utils/rest_client.py", line 122, in do_request
    raise NetworkError(f"httpx HTTPError: {err}") from err
swibots.error.NetworkError: httpx HTTPError: All connection attempts failed
2023-01-25 19:11:20,464 - swibots.app - INFO - 🛑 Stopping app...
2023-01-25 19:11:45,625 - swibots.app - INFO - 🚀 Starting app...
2023-01-25 19:11:46,036 - swibots.app - INFO - Logged in as autofilter_bot
2023-01-25 19:11:49,082 - swibots.app - INFO - 🚀 App started!
